server.php/app/build/outputs/logs/manifest-merger-release-report.txt
-- Merging decision tree log ---
manifest
ADDED from AndroidManifest.xml:2:1
	xmlns:android
		ADDED from AndroidManifest.xml:3:2
	package
		ADDED from AndroidManifest.xml:4:2
		INJECTED from AndroidManifest.xml:0:0
		INJECTED from AndroidManifest.xml:0:0
	android:versionName
		ADDED from AndroidManifest.xml:4:62
	android:versionCode
		ADDED from AndroidManifest.xml:4:38
		INJECTED from AndroidManifest.xml:0:0
		INJECTED from AndroidManifest.xml:0:0
uses-permission#android.permission.INTERNET
ADDED from AndroidManifest.xml:6:2
	android:name
		ADDED from AndroidManifest.xml:6:19
uses-permission#android.permission.WRITE_EXTERNAL_STORAGE
ADDED from AndroidManifest.xml:7:2
	android:name
		ADDED from AndroidManifest.xml:7:19
uses-permission#android.permission.READ_EXTERNAL_STORAGE
ADDED from AndroidManifest.xml:8:5
	android:name
		ADDED from AndroidManifest.xml:8:22
uses-permission#android.permission.RECEIVE_BOOT_COMPLETED
ADDED from AndroidManifest.xml:9:2
	android:name
		ADDED from AndroidManifest.xml:9:19
uses-sdk
ADDED from AndroidManifest.xml:10:2
	android:targetSdkVersion
		ADDED from AndroidManifest.xml:10:39
		INJECTED from AndroidManifest.xml:0:0
		INJECTED from AndroidManifest.xml:0:0
	android:minSdkVersion
		ADDED from AndroidManifest.xml:10:12
		INJECTED from AndroidManifest.xml:0:0
		INJECTED from AndroidManifest.xml:0:0
application
ADDED from AndroidManifest.xml:11:2
	android:label
		ADDED from AndroidManifest.xml:14:3
	android:allowBackup
		ADDED from AndroidManifest.xml:14:33
	android:icon
		ADDED from AndroidManifest.xml:13:3
	android:theme
		ADDED from AndroidManifest.xml:12:3
receiver#com.marcosdiez.server.php.service.AutoStart
ADDED from AndroidManifest.xml:16:3
	android:name
		ADDED from AndroidManifest.xml:16:13
intent-filter#android.intent.action.BOOT_COMPLETED
ADDED from AndroidManifest.xml:17:4
action#android.intent.action.BOOT_COMPLETED
ADDED from AndroidManifest.xml:18:5
	android:name
		ADDED from AndroidManifest.xml:18:13
activity#com.marcosdiez.server.php.MainActivity
ADDED from AndroidManifest.xml:21:3
	android:name
		ADDED from AndroidManifest.xml:21:13
intent-filter#android.intent.action.MAIN+android.intent.category.LAUNCHER
ADDED from AndroidManifest.xml:22:4
action#android.intent.action.MAIN
ADDED from AndroidManifest.xml:23:5
	android:name
		ADDED from AndroidManifest.xml:23:13
category#android.intent.category.LAUNCHER
ADDED from AndroidManifest.xml:24:5
	android:name
		ADDED from AndroidManifest.xml:24:15